#
# There is insufficient memory for the Java Runtime Environment to continue.
# Native memory allocation (mmap) failed to map 91226112 bytes for committing reserved memory.
# Possible reasons:
#   The system is out of physical RAM or swap space
#   The process is running with CompressedOops enabled, and the Java Heap may be blocking the growth of the native heap
# Possible solutions:
#   Reduce memory load on the system
#   Increase physical memory or swap space
#   Check if swap backing store is full
#   Decrease Java heap size (-Xmx/-Xms)
#   Decrease number of Java threads
#   Decrease Java thread stack sizes (-Xss)
#   Set larger code cache with -XX:ReservedCodeCacheSize=
#   JVM is running with Unscaled Compressed Oops mode in which the Java heap is
#     placed in the first 4GB address space. The Java Heap base address is the
#     maximum limit for the native heap growth. Please use -XX:HeapBaseMinAddress
#     to set the Java Heap base and to place the Java Heap above 4GB virtual address.
# This output file may be truncated or incomplete.
#
#  Out of Memory Error (os_linux.cpp:2741), pid=32447, tid=32452
#
# JRE version: OpenJDK Runtime Environment Temurin-17.0.2+8 (17.0.2+8) (build 17.0.2+8)
# Java VM: OpenJDK 64-Bit Server VM Temurin-17.0.2+8 (17.0.2+8, mixed mode, tiered, compressed oops, compressed class ptrs, parallel gc, linux-amd64)
# No core dump will be written. Core dumps have been disabled. To enable core dumping, try "ulimit -c unlimited" before starting Java again
#

---------------  S U M M A R Y ------------

Command Line: --add-modules=ALL-SYSTEM --add-opens=java.base/java.util=ALL-UNNAMED --add-opens=java.base/java.lang=ALL-UNNAMED --add-opens=java.base/sun.nio.fs=ALL-UNNAMED -Declipse.application=org.eclipse.jdt.ls.core.id1 -Dosgi.bundles.defaultStartLevel=4 -Declipse.product=org.eclipse.jdt.ls.core.product -Djava.import.generatesMetadataFilesAtProjectRoot=false -Dfile.encoding=utf8 -XX:+UseParallelGC -XX:GCTimeRatio=4 -XX:AdaptiveSizePolicyWeight=90 -Dsun.zip.disableMemoryMapping=true -Xmx1G -Xms100m -XX:+HeapDumpOnOutOfMemoryError -XX:HeapDumpPath=/home/markojudas/.vscode-server/data/User/workspaceStorage/2fd85d91eb7d64f104cbee0b8ddc28e4-1/redhat.java /home/markojudas/.vscode-server/extensions/redhat.java-1.4.0/server/plugins/org.eclipse.equinox.launcher_1.6.400.v20210924-0641.jar -configuration /home/markojudas/.vscode-server/data/User/globalStorage/redhat.java/1.4.0/config_linux -data /home/markojudas/.vscode-server/data/User/workspaceStorage/2fd85d91eb7d64f104cbee0b8ddc28e4-1/redhat.java/jdt_ws

Host: AMD EPYC 7601 32-Core Processor, 1 cores, 987M, Debian GNU/Linux 10 (buster)
Time: Wed Mar 30 15:56:25 2022 EDT elapsed time: 131.659997 seconds (0d 0h 2m 11s)

---------------  T H R E A D  ---------------

Current thread (0x00007f86c00ecad0):  VMThread "VM Thread" [stack: 0x00007f86ac7f2000,0x00007f86ac8f2000] [id=32452]

Stack: [0x00007f86ac7f2000,0x00007f86ac8f2000],  sp=0x00007f86ac8f0100,  free space=1016k
Native frames: (J=compiled Java code, j=interpreted, Vv=VM code, C=native code)
V  [libjvm.so+0xf81ea1]  VMError::report_and_die(int, char const*, char const*, __va_list_tag*, Thread*, unsigned char*, void*, void*, char const*, int, unsigned long)+0x1a1
V  [libjvm.so+0xf82b2b]  VMError::report_and_die(Thread*, char const*, int, unsigned long, VMErrorType, char const*, __va_list_tag*)+0x2b
V  [libjvm.so+0x61d6ad]  report_vm_out_of_memory(char const*, int, unsigned long, VMErrorType, char const*, ...)+0xcd
V  [libjvm.so+0xc3dc72]  os::pd_commit_memory(char*, unsigned long, unsigned long, bool)+0x102
V  [libjvm.so+0xc36f8f]  os::commit_memory(char*, unsigned long, unsigned long, bool)+0x1f
V  [libjvm.so+0xcbfad6]  PSVirtualSpace::expand_by(unsigned long)+0x56
V  [libjvm.so+0xcae117]  PSOldGen::expand(unsigned long)+0x77
V  [libjvm.so+0xcae54d]  PSOldGen::resize(unsigned long)+0x12d
V  [libjvm.so+0xcb50ac]  PSParallelCompact::invoke_no_policy(bool) [clone .part.311]+0x6dc
V  [libjvm.so+0xcbcfb6]  PSScavenge::invoke()+0xb6
V  [libjvm.so+0xc624ea]  ParallelScavengeHeap::failed_mem_allocate(unsigned long)+0x2a
V  [libjvm.so+0xcbf8fd]  VM_ParallelGCFailedAllocation::doit()+0x4d
V  [libjvm.so+0xf871c3]  VM_Operation::evaluate()+0x173
V  [libjvm.so+0xf88cc6]  VMThread::evaluate_operation(VM_Operation*)+0x106
V  [libjvm.so+0xf89235]  VMThread::inner_execute(VM_Operation*)+0x1d5
V  [libjvm.so+0xf8950f]  VMThread::run()+0xbf
V  [libjvm.so+0xf062e2]  Thread::call_run()+0xe2
V  [libjvm.so+0xc40b81]  thread_native_entry(Thread*)+0xe1

VM_Operation (0x00007f86a42e5b30): ParallelGCFailedAllocation, mode: safepoint, requested by thread 0x000055c5f907f770


---------------  P R O C E S S  ---------------

Threads class SMR info:
_java_thread_list=0x000055c5f9b95fa0, length=26, elements={
0x00007f86c0024840, 0x00007f86c00fca60, 0x00007f86c00fdfd0, 0x00007f86c01253c0,
0x00007f86c0128cd0, 0x00007f86c0129c20, 0x00007f86c012b270, 0x00007f86c012c720,
0x00007f86c012db60, 0x00007f86c0182a10, 0x00007f86c01ce6c0, 0x00007f86c03a97b0,
0x00007f86c03fb730, 0x00007f86c03fe570, 0x000055c5f8fdc250, 0x000055c5f90d9950,
0x000055c5f9169cc0, 0x00007f869c002650, 0x000055c5f907f770, 0x00007f86c0456a40,
0x00007f869c008150, 0x00007f86c04d7dd0, 0x00007f86c04dd790, 0x00007f8694021550,
0x00007f86a8031410, 0x00007f86c02c33b0
}

Java Threads: ( => current thread )
  0x00007f86c0024840 JavaThread "main" [_thread_blocked, id=32449, stack(0x00007f86c4397000,0x00007f86c4498000)]
  0x00007f86c00fca60 JavaThread "Reference Handler" daemon [_thread_blocked, id=32453, stack(0x00007f86ac6ef000,0x00007f86ac7f0000)]
  0x00007f86c00fdfd0 JavaThread "Finalizer" daemon [_thread_blocked, id=32454, stack(0x00007f86ac5ee000,0x00007f86ac6ef000)]
  0x00007f86c01253c0 JavaThread "Signal Dispatcher" daemon [_thread_blocked, id=32455, stack(0x00007f86ac208000,0x00007f86ac309000)]
  0x00007f86c0128cd0 JavaThread "Service Thread" daemon [_thread_blocked, id=32456, stack(0x00007f86ac107000,0x00007f86ac208000)]
  0x00007f86c0129c20 JavaThread "Monitor Deflation Thread" daemon [_thread_blocked, id=32457, stack(0x00007f86ac006000,0x00007f86ac107000)]
  0x00007f86c012b270 JavaThread "C2 CompilerThread0" daemon [_thread_blocked, id=32458, stack(0x00007f86a5eff000,0x00007f86a6000000)]
  0x00007f86c012c720 JavaThread "C1 CompilerThread0" daemon [_thread_blocked, id=32459, stack(0x00007f86a5dfe000,0x00007f86a5eff000)]
  0x00007f86c012db60 JavaThread "Sweeper thread" daemon [_thread_blocked, id=32460, stack(0x00007f86a5cfd000,0x00007f86a5dfe000)]
  0x00007f86c0182a10 JavaThread "Common-Cleaner" daemon [_thread_blocked, id=32461, stack(0x00007f86a5bfc000,0x00007f86a5cfd000)]
  0x00007f86c01ce6c0 JavaThread "Notification Thread" daemon [_thread_blocked, id=32462, stack(0x00007f86a5afb000,0x00007f86a5bfc000)]
  0x00007f86c03a97b0 JavaThread "Active Thread: Equinox Container: b2c59c4b-5aea-42b4-98ec-fde16f7538ae" [_thread_blocked, id=32486, stack(0x00007f86a54cf000,0x00007f86a55d0000)]
  0x00007f86c03fb730 JavaThread "Framework Event Dispatcher: Equinox Container: b2c59c4b-5aea-42b4-98ec-fde16f7538ae" daemon [_thread_blocked, id=32487, stack(0x00007f86a4aff000,0x00007f86a4c00000)]
  0x00007f86c03fe570 JavaThread "Start Level: Equinox Container: b2c59c4b-5aea-42b4-98ec-fde16f7538ae" daemon [_thread_blocked, id=32488, stack(0x00007f86a49fe000,0x00007f86a4aff000)]
  0x000055c5f8fdc250 JavaThread "SCR Component Actor" daemon [_thread_blocked, id=32489, stack(0x00007f86a46ec000,0x00007f86a47ed000)]
  0x000055c5f90d9950 JavaThread "Worker-JM" [_thread_blocked, id=32495, stack(0x00007f86a44ea000,0x00007f86a45eb000)]
  0x000055c5f9169cc0 JavaThread "Worker-0" [_thread_blocked, id=32499, stack(0x00007f86a43e9000,0x00007f86a44ea000)]
  0x00007f869c002650 JavaThread "Worker-1" [_thread_blocked, id=32500, stack(0x00007f86a42e8000,0x00007f86a43e9000)]
  0x000055c5f907f770 JavaThread "Java indexing" daemon [_thread_blocked, id=32517, stack(0x00007f86a41e7000,0x00007f86a42e8000)]
  0x00007f86c0456a40 JavaThread "pool-3-thread-1" [_thread_blocked, id=32520, stack(0x00007f86a45eb000,0x00007f86a46ec000)]
  0x00007f869c008150 JavaThread "Worker-2" [_thread_blocked, id=32521, stack(0x00007f86a40e6000,0x00007f86a41e7000)]
  0x00007f86c04d7dd0 JavaThread "Worker-3" [_thread_blocked, id=32539, stack(0x00007f868eaff000,0x00007f868ec00000)]
  0x00007f86c04dd790 JavaThread "Worker-4" [_thread_blocked, id=32540, stack(0x00007f868e9fe000,0x00007f868eaff000)]
  0x00007f8694021550 JavaThread "Worker-5" [_thread_blocked, id=32580, stack(0x00007f868e8fd000,0x00007f868e9fe000)]
  0x00007f86a8031410 JavaThread "process reaper" daemon [_thread_blocked, id=32675, stack(0x00007f86ad896000,0x00007f86ad8b8000)]
  0x00007f86c02c33b0 JavaThread "Framework stop - Equinox Container: b2c59c4b-5aea-42b4-98ec-fde16f7538ae" [_thread_blocked, id=32680, stack(0x00007f868d6ff000,0x00007f868d800000)]

Other Threads:
=>0x00007f86c00ecad0 VMThread "VM Thread" [stack: 0x00007f86ac7f2000,0x00007f86ac8f2000] [id=32452]
  0x00007f86c006f230 WatcherThread [stack: 0x00007f86a59fb000,0x00007f86a5afb000] [id=32463]
  0x00007f86c003bb20 GCTaskThread "GC Thread#0" [stack: 0x00007f86added000,0x00007f86adeed000] [id=32450]

Threads with active compile tasks:
C2 CompilerThread0   132065 4687   !   4       org.eclipse.jdt.internal.core.search.indexing.BinaryIndexer::indexDocument (1144 bytes)

VM state: at safepoint (normal execution)

VM Mutex/Monitor currently owned by a thread:  ([mutex/lock_event])
[0x00007f86c0020d10] ExpandHeap_lock - owner thread: 0x00007f86c00ecad0
[0x00007f86c0021410] Threads_lock - owner thread: 0x00007f86c00ecad0
[0x00007f86c0021bc0] Heap_lock - owner thread: 0x000055c5f907f770

Heap address: 0x00000000c0000000, size: 1024 MB, Compressed Oops mode: 32-bit

CDS archive(s) not mapped
Compressed class space mapped at: 0x0000000100000000-0x0000000140000000, reserved size: 1073741824
Narrow klass base: 0x0000000000000000, Narrow klass shift: 3, Narrow klass range: 0x140000000

GC Precious Log:
 CPUs: 1 total, 1 available
 Memory: 987M
 Large Page Support: Disabled
 NUMA Support: Disabled
 Compressed Oops: Enabled (32-bit)
 Alignments: Space 512K, Generation 512K, Heap 2M
 Heap Min Capacity: 100M
 Heap Initial Capacity: 100M
 Heap Max Capacity: 1G
 Pre-touch: Disabled
 Parallel Workers: 1

Heap:
 PSYoungGen      total 51712K, used 0K [0x00000000eab00000, 0x00000000ee880000, 0x0000000100000000)
  eden space 40448K, 0% used [0x00000000eab00000,0x00000000eab00000,0x00000000ed280000)
  from space 11264K, 0% used [0x00000000ed280000,0x00000000ed280000,0x00000000edd80000)
  to   space 9216K, 0% used [0x00000000edf80000,0x00000000edf80000,0x00000000ee880000)
 ParOldGen       total 266752K, used 264996K [0x00000000c0000000, 0x00000000d0480000, 0x00000000eab00000)
  object space 266752K, 99% used [0x00000000c0000000,0x00000000d02c91c8,0x00000000d0480000)
 Metaspace       used 49072K, committed 49920K, reserved 1097728K
  class space    used 5404K, committed 5824K, reserved 1048576K

Card table byte_map: [0x00007f86adeed000,0x00007f86ae0ee000] _byte_map_base: 0x00007f86ad8ed000

Marking Bits: (ParMarkBitMap*) 0x00007f86c5c284a0
 Begin Bits: [0x00007f86a6000000, 0x00007f86a7000000)
 End Bits:   [0x00007f86a7000000, 0x00007f86a8000000)

Polling page: 0x00007f86c6271000

Metaspace:

Usage:
  Non-class:     42.64 MB used.
      Class:      5.28 MB used.
       Both:     47.92 MB used.

Virtual space:
  Non-class space:       48.00 MB reserved,      43.06 MB ( 90%) committed,  6 nodes.
      Class space:        1.00 GB reserved,       5.69 MB ( <1%) committed,  1 nodes.
             Both:        1.05 GB reserved,      48.75 MB (  5%) committed. 

Chunk freelists:
   Non-Class:  364.00 KB
       Class:  2.19 MB
        Both:  2.55 MB

MaxMetaspaceSize: unlimited
CompressedClassSpaceSize: 1.00 GB
Initial GC threshold: 21.00 MB
Current GC threshold: 81.25 MB
CDS: off
MetaspaceReclaimPolicy: balanced
 - commit_granule_bytes: 65536.
 - commit_granule_words: 8192.
 - virtual_space_node_default_size: 1048576.
 - enlarge_chunks_in_place: 1.
 - new_chunks_are_fully_committed: 0.
 - uncommit_free_chunks: 1.
 - use_allocation_guard: 0.
 - handle_deallocations: 1.


Internal statistics:

num_allocs_failed_limit: 8.
num_arena_births: 292.
num_arena_deaths: 2.
num_vsnodes_births: 7.
num_vsnodes_deaths: 0.
num_space_committed: 780.
num_space_uncommitted: 0.
num_chunks_returned_to_freelist: 14.
num_chunks_taken_from_freelist: 2047.
num_chunk_merges: 8.
num_chunk_splits: 1332.
num_chunks_enlarged: 818.
num_purges: 2.
num_inconsistent_stats: 0.

CodeHeap 'non-profiled nmethods': size=120036Kb used=2113Kb max_used=2113Kb free=117923Kb
 bounds [0x00007f86b5ca0000, 0x00007f86b5f10000, 0x00007f86bd1d9000]
CodeHeap 'profiled nmethods': size=120032Kb used=9024Kb max_used=9024Kb free=111007Kb
 bounds [0x00007f86ae768000, 0x00007f86af048000, 0x00007f86b5ca0000]
CodeHeap 'non-nmethods': size=5692Kb used=1273Kb max_used=1340Kb free=4418Kb
 bounds [0x00007f86ae1d9000, 0x00007f86ae449000, 0x00007f86ae768000]
 total_blobs=5128 nmethods=4526 adapters=517
 compilation: enabled
              stopped_count=0, restarted_count=0
 full_count=0

Compilation events (20 events):
Event: 119.167 Thread 0x00007f86c012c720 4690       3       jdk.internal.jrtfs.JrtPath::getResolvedPath (39 bytes)
Event: 119.168 Thread 0x00007f86c012c720 nmethod 4690 0x00007f86af02f210 code [0x00007f86af02f440, 0x00007f86af02fb80]
Event: 119.233 Thread 0x00007f86c012c720 4692       3       jdk.internal.jrtfs.JrtPath::subpath (129 bytes)
Event: 119.234 Thread 0x00007f86c012c720 nmethod 4692 0x00007f86af02fe10 code [0x00007f86af030100, 0x00007f86af030e40]
Event: 119.235 Thread 0x00007f86c012c720 4693   !   3       org.eclipse.jdt.internal.core.search.JavaSearchDocument::getByteContents (39 bytes)
Event: 119.235 Thread 0x00007f86c012c720 nmethod 4693 0x00007f86af031490 code [0x00007f86af031680, 0x00007f86af031a00]
Event: 119.236 Thread 0x00007f86c012c720 4694       3       org.eclipse.jdt.internal.core.search.matching.ConstructorPattern::createDeclarationIndexKey (593 bytes)
Event: 119.259 Thread 0x00007f86c012c720 nmethod 4694 0x00007f86af031b10 code [0x00007f86af031ec0, 0x00007f86af033b70]
Event: 119.267 Thread 0x00007f86c012c720 4695       3       org.eclipse.jdt.internal.core.search.matching.ConstructorPattern::encodeExtraFlags (49 bytes)
Event: 119.271 Thread 0x00007f86c012c720 nmethod 4695 0x00007f86af034510 code [0x00007f86af0346a0, 0x00007f86af0348b0]
Event: 119.271 Thread 0x00007f86c012c720 4696       3       org.eclipse.jdt.internal.compiler.classfmt.ClassFileReader::getModifiers (55 bytes)
Event: 119.272 Thread 0x00007f86c012c720 nmethod 4696 0x00007f86af034990 code [0x00007f86af034b40, 0x00007f86af034e60]
Event: 119.393 Thread 0x00007f86c012c720 4697   !   3       jdk.internal.jimage.BasicImageReader::readBuffer (232 bytes)
Event: 119.395 Thread 0x00007f86c012c720 nmethod 4697 0x00007f86af034f90 code [0x00007f86af035280, 0x00007f86af035f70]
Event: 119.478 Thread 0x00007f86c012c720 4698       3       org.eclipse.jdt.internal.compiler.util.JRTUtil::getJrtSystem (62 bytes)
Event: 119.484 Thread 0x00007f86c012c720 nmethod 4698 0x00007f86af036490 code [0x00007f86af036760, 0x00007f86af037660]
Event: 119.485 Thread 0x00007f86c012c720 4699       3       org.eclipse.jdt.internal.compiler.classfmt.ClassFileReader::isLocal (42 bytes)
Event: 119.486 Thread 0x00007f86c012c720 nmethod 4699 0x00007f86af037b90 code [0x00007f86af037d60, 0x00007f86af038090]
Event: 120.120 Thread 0x00007f86c012c720 4702       1       org.eclipse.jdt.internal.compiler.classfmt.ModuleInfo$ModuleReferenceInfo::name (5 bytes)
Event: 120.120 Thread 0x00007f86c012c720 nmethod 4702 0x00007f86b5eb0110 code [0x00007f86b5eb02a0, 0x00007f86b5eb0370]

GC Heap History (20 events):
Event: 107.516 GC heap after
{Heap after GC invocations=60 (full 6):
 PSYoungGen      total 48640K, used 4061K [0x00000000eab00000, 0x00000000ee700000, 0x0000000100000000)
  eden space 39936K, 0% used [0x00000000eab00000,0x00000000eab00000,0x00000000ed200000)
  from space 8704K, 46% used [0x00000000ed200000,0x00000000ed5f7718,0x00000000eda80000)
  to   space 8704K, 0% used [0x00000000ede80000,0x00000000ede80000,0x00000000ee700000)
 ParOldGen       total 266752K, used 191408K [0x00000000c0000000, 0x00000000d0480000, 0x00000000eab00000)
  object space 266752K, 71% used [0x00000000c0000000,0x00000000cbaec350,0x00000000d0480000)
 Metaspace       used 49068K, committed 49920K, reserved 1097728K
  class space    used 5404K, committed 5824K, reserved 1048576K
}
Event: 109.105 GC heap before
{Heap before GC invocations=61 (full 6):
 PSYoungGen      total 48640K, used 43997K [0x00000000eab00000, 0x00000000ee700000, 0x0000000100000000)
  eden space 39936K, 100% used [0x00000000eab00000,0x00000000ed200000,0x00000000ed200000)
  from space 8704K, 46% used [0x00000000ed200000,0x00000000ed5f7718,0x00000000eda80000)
  to   space 8704K, 0% used [0x00000000ede80000,0x00000000ede80000,0x00000000ee700000)
 ParOldGen       total 266752K, used 191408K [0x00000000c0000000, 0x00000000d0480000, 0x00000000eab00000)
  object space 266752K, 71% used [0x00000000c0000000,0x00000000cbaec350,0x00000000d0480000)
 Metaspace       used 49069K, committed 49920K, reserved 1097728K
  class space    used 5404K, committed 5824K, reserved 1048576K
}
Event: 109.506 GC heap after
{Heap after GC invocations=61 (full 6):
 PSYoungGen      total 47104K, used 8678K [0x00000000eab00000, 0x00000000ef180000, 0x0000000100000000)
  eden space 38400K, 0% used [0x00000000eab00000,0x00000000eab00000,0x00000000ed080000)
  from space 8704K, 99% used [0x00000000ede80000,0x00000000ee6f9aa0,0x00000000ee700000)
  to   space 14336K, 0% used [0x00000000ed080000,0x00000000ed080000,0x00000000ede80000)
 ParOldGen       total 266752K, used 195977K [0x00000000c0000000, 0x00000000d0480000, 0x00000000eab00000)
  object space 266752K, 73% used [0x00000000c0000000,0x00000000cbf62648,0x00000000d0480000)
 Metaspace       used 49069K, committed 49920K, reserved 1097728K
  class space    used 5404K, committed 5824K, reserved 1048576K
}
Event: 110.943 GC heap before
{Heap before GC invocations=62 (full 6):
 PSYoungGen      total 47104K, used 47078K [0x00000000eab00000, 0x00000000ef180000, 0x0000000100000000)
  eden space 38400K, 100% used [0x00000000eab00000,0x00000000ed080000,0x00000000ed080000)
  from space 8704K, 99% used [0x00000000ede80000,0x00000000ee6f9aa0,0x00000000ee700000)
  to   space 14336K, 0% used [0x00000000ed080000,0x00000000ed080000,0x00000000ede80000)
 ParOldGen       total 266752K, used 195977K [0x00000000c0000000, 0x00000000d0480000, 0x00000000eab00000)
  object space 266752K, 73% used [0x00000000c0000000,0x00000000cbf62648,0x00000000d0480000)
 Metaspace       used 49069K, committed 49920K, reserved 1097728K
  class space    used 5404K, committed 5824K, reserved 1048576K
}
Event: 111.179 GC heap after
{Heap after GC invocations=62 (full 6):
 PSYoungGen      total 52736K, used 8835K [0x00000000eab00000, 0x00000000ee900000, 0x0000000100000000)
  eden space 38400K, 0% used [0x00000000eab00000,0x00000000eab00000,0x00000000ed080000)
  from space 14336K, 61% used [0x00000000ed080000,0x00000000ed920f18,0x00000000ede80000)
  to   space 10752K, 0% used [0x00000000ede80000,0x00000000ede80000,0x00000000ee900000)
 ParOldGen       total 266752K, used 204762K [0x00000000c0000000, 0x00000000d0480000, 0x00000000eab00000)
  object space 266752K, 76% used [0x00000000c0000000,0x00000000cc7f6838,0x00000000d0480000)
 Metaspace       used 49069K, committed 49920K, reserved 1097728K
  class space    used 5404K, committed 5824K, reserved 1048576K
}
Event: 112.306 GC heap before
{Heap before GC invocations=63 (full 6):
 PSYoungGen      total 52736K, used 47235K [0x00000000eab00000, 0x00000000ee900000, 0x0000000100000000)
  eden space 38400K, 100% used [0x00000000eab00000,0x00000000ed080000,0x00000000ed080000)
  from space 14336K, 61% used [0x00000000ed080000,0x00000000ed920f18,0x00000000ede80000)
  to   space 10752K, 0% used [0x00000000ede80000,0x00000000ede80000,0x00000000ee900000)
 ParOldGen       total 266752K, used 204762K [0x00000000c0000000, 0x00000000d0480000, 0x00000000eab00000)
  object space 266752K, 76% used [0x00000000c0000000,0x00000000cc7f6838,0x00000000d0480000)
 Metaspace       used 49071K, committed 49920K, reserved 1097728K
  class space    used 5404K, committed 5824K, reserved 1048576K
}
Event: 112.495 GC heap after
{Heap after GC invocations=63 (full 6):
 PSYoungGen      total 43520K, used 10730K [0x00000000eab00000, 0x00000000efb00000, 0x0000000100000000)
  eden space 32768K, 0% used [0x00000000eab00000,0x00000000eab00000,0x00000000ecb00000)
  from space 10752K, 99% used [0x00000000ede80000,0x00000000ee8faaf8,0x00000000ee900000)
  to   space 19968K, 0% used [0x00000000ecb00000,0x00000000ecb00000,0x00000000ede80000)
 ParOldGen       total 266752K, used 212097K [0x00000000c0000000, 0x00000000d0480000, 0x00000000eab00000)
  object space 266752K, 79% used [0x00000000c0000000,0x00000000ccf20528,0x00000000d0480000)
 Metaspace       used 49071K, committed 49920K, reserved 1097728K
  class space    used 5404K, committed 5824K, reserved 1048576K
}
Event: 113.825 GC heap before
{Heap before GC invocations=64 (full 6):
 PSYoungGen      total 43520K, used 43498K [0x00000000eab00000, 0x00000000efb00000, 0x0000000100000000)
  eden space 32768K, 100% used [0x00000000eab00000,0x00000000ecb00000,0x00000000ecb00000)
  from space 10752K, 99% used [0x00000000ede80000,0x00000000ee8faaf8,0x00000000ee900000)
  to   space 19968K, 0% used [0x00000000ecb00000,0x00000000ecb00000,0x00000000ede80000)
 ParOldGen       total 266752K, used 212097K [0x00000000c0000000, 0x00000000d0480000, 0x00000000eab00000)
  object space 266752K, 79% used [0x00000000c0000000,0x00000000ccf20528,0x00000000d0480000)
 Metaspace       used 49072K, committed 49920K, reserved 1097728K
  class space    used 5404K, committed 5824K, reserved 1048576K
}
Event: 114.051 GC heap after
{Heap after GC invocations=64 (full 6):
 PSYoungGen      total 40448K, used 7522K [0x00000000eab00000, 0x00000000ee500000, 0x0000000100000000)
  eden space 32768K, 0% used [0x00000000eab00000,0x00000000eab00000,0x00000000ecb00000)
  from space 7680K, 97% used [0x00000000ecb00000,0x00000000ed258bd8,0x00000000ed280000)
  to   space 11776K, 0% used [0x00000000ed980000,0x00000000ed980000,0x00000000ee500000)
 ParOldGen       total 266752K, used 222705K [0x00000000c0000000, 0x00000000d0480000, 0x00000000eab00000)
  object space 266752K, 83% used [0x00000000c0000000,0x00000000cd97c5f8,0x00000000d0480000)
 Metaspace       used 49072K, committed 49920K, reserved 1097728K
  class space    used 5404K, committed 5824K, reserved 1048576K
}
Event: 115.187 GC heap before
{Heap before GC invocations=65 (full 6):
 PSYoungGen      total 40448K, used 40290K [0x00000000eab00000, 0x00000000ee500000, 0x0000000100000000)
  eden space 32768K, 100% used [0x00000000eab00000,0x00000000ecb00000,0x00000000ecb00000)
  from space 7680K, 97% used [0x00000000ecb00000,0x00000000ed258bd8,0x00000000ed280000)
  to   space 11776K, 0% used [0x00000000ed980000,0x00000000ed980000,0x00000000ee500000)
 ParOldGen       total 266752K, used 222705K [0x00000000c0000000, 0x00000000d0480000, 0x00000000eab00000)
  object space 266752K, 83% used [0x00000000c0000000,0x00000000cd97c5f8,0x00000000d0480000)
 Metaspace       used 49072K, committed 49920K, reserved 1097728K
  class space    used 5404K, committed 5824K, reserved 1048576K
}
Event: 115.367 GC heap after
{Heap after GC invocations=65 (full 6):
 PSYoungGen      total 42496K, used 11745K [0x00000000eab00000, 0x00000000eef00000, 0x0000000100000000)
  eden space 30720K, 0% used [0x00000000eab00000,0x00000000eab00000,0x00000000ec900000)
  from space 11776K, 99% used [0x00000000ed980000,0x00000000ee4f8518,0x00000000ee500000)
  to   space 16896K, 0% used [0x00000000ec900000,0x00000000ec900000,0x00000000ed980000)
 ParOldGen       total 266752K, used 225989K [0x00000000c0000000, 0x00000000d0480000, 0x00000000eab00000)
  object space 266752K, 84% used [0x00000000c0000000,0x00000000cdcb1648,0x00000000d0480000)
 Metaspace       used 49072K, committed 49920K, reserved 1097728K
  class space    used 5404K, committed 5824K, reserved 1048576K
}
Event: 116.368 GC heap before
{Heap before GC invocations=66 (full 6):
 PSYoungGen      total 42496K, used 42465K [0x00000000eab00000, 0x00000000eef00000, 0x0000000100000000)
  eden space 30720K, 100% used [0x00000000eab00000,0x00000000ec900000,0x00000000ec900000)
  from space 11776K, 99% used [0x00000000ed980000,0x00000000ee4f8518,0x00000000ee500000)
  to   space 16896K, 0% used [0x00000000ec900000,0x00000000ec900000,0x00000000ed980000)
 ParOldGen       total 266752K, used 225989K [0x00000000c0000000, 0x00000000d0480000, 0x00000000eab00000)
  object space 266752K, 84% used [0x00000000c0000000,0x00000000cdcb1648,0x00000000d0480000)
 Metaspace       used 49072K, committed 49920K, reserved 1097728K
  class space    used 5404K, committed 5824K, reserved 1048576K
}
Event: 116.897 GC heap after
{Heap after GC invocations=66 (full 6):
 PSYoungGen      total 37888K, used 7004K [0x00000000eab00000, 0x00000000ee080000, 0x0000000100000000)
  eden space 30720K, 0% used [0x00000000eab00000,0x00000000eab00000,0x00000000ec900000)
  from space 7168K, 97% used [0x00000000ec900000,0x00000000ecfd7180,0x00000000ed000000)
  to   space 10240K, 0% used [0x00000000ed680000,0x00000000ed680000,0x00000000ee080000)
 ParOldGen       total 266752K, used 237878K [0x00000000c0000000, 0x00000000d0480000, 0x00000000eab00000)
  object space 266752K, 89% used [0x00000000c0000000,0x00000000ce84d978,0x00000000d0480000)
 Metaspace       used 49072K, committed 49920K, reserved 1097728K
  class space    used 5404K, committed 5824K, reserved 1048576K
}
Event: 118.762 GC heap before
{Heap before GC invocations=67 (full 6):
 PSYoungGen      total 37888K, used 37724K [0x00000000eab00000, 0x00000000ee080000, 0x0000000100000000)
  eden space 30720K, 100% used [0x00000000eab00000,0x00000000ec900000,0x00000000ec900000)
  from space 7168K, 97% used [0x00000000ec900000,0x00000000ecfd7180,0x00000000ed000000)
  to   space 10240K, 0% used [0x00000000ed680000,0x00000000ed680000,0x00000000ee080000)
 ParOldGen       total 266752K, used 237878K [0x00000000c0000000, 0x00000000d0480000, 0x00000000eab00000)
  object space 266752K, 89% used [0x00000000c0000000,0x00000000ce84d978,0x00000000d0480000)
 Metaspace       used 49072K, committed 49920K, reserved 1097728K
  class space    used 5404K, committed 5824K, reserved 1048576K
}
Event: 118.980 GC heap after
{Heap after GC invocations=67 (full 6):
 PSYoungGen      total 40960K, used 6889K [0x00000000eab00000, 0x00000000edd80000, 0x0000000100000000)
  eden space 33792K, 0% used [0x00000000eab00000,0x00000000eab00000,0x00000000ecc00000)
  from space 7168K, 96% used [0x00000000ed680000,0x00000000edd3a7e0,0x00000000edd80000)
  to   space 7680K, 0% used [0x00000000ece80000,0x00000000ece80000,0x00000000ed600000)
 ParOldGen       total 266752K, used 244784K [0x00000000c0000000, 0x00000000d0480000, 0x00000000eab00000)
  object space 266752K, 91% used [0x00000000c0000000,0x00000000cef0c080,0x00000000d0480000)
 Metaspace       used 49072K, committed 49920K, reserved 1097728K
  class space    used 5404K, committed 5824K, reserved 1048576K
}
Event: 120.654 GC heap before
{Heap before GC invocations=68 (full 6):
 PSYoungGen      total 40960K, used 40681K [0x00000000eab00000, 0x00000000edd80000, 0x0000000100000000)
  eden space 33792K, 100% used [0x00000000eab00000,0x00000000ecc00000,0x00000000ecc00000)
  from space 7168K, 96% used [0x00000000ed680000,0x00000000edd3a7e0,0x00000000edd80000)
  to   space 7680K, 0% used [0x00000000ece80000,0x00000000ece80000,0x00000000ed600000)
 ParOldGen       total 266752K, used 244784K [0x00000000c0000000, 0x00000000d0480000, 0x00000000eab00000)
  object space 266752K, 91% used [0x00000000c0000000,0x00000000cef0c080,0x00000000d0480000)
 Metaspace       used 49072K, committed 49920K, reserved 1097728K
  class space    used 5404K, committed 5824K, reserved 1048576K
}
Event: 120.937 GC heap after
{Heap after GC invocations=68 (full 6):
 PSYoungGen      total 44032K, used 7658K [0x00000000eab00000, 0x00000000eef80000, 0x0000000100000000)
  eden space 36352K, 0% used [0x00000000eab00000,0x00000000eab00000,0x00000000ece80000)
  from space 7680K, 99% used [0x00000000ece80000,0x00000000ed5fa858,0x00000000ed600000)
  to   space 16384K, 0% used [0x00000000edf80000,0x00000000edf80000,0x00000000eef80000)
 ParOldGen       total 266752K, used 251765K [0x00000000c0000000, 0x00000000d0480000, 0x00000000eab00000)
  object space 266752K, 94% used [0x00000000c0000000,0x00000000cf5dd500,0x00000000d0480000)
 Metaspace       used 49072K, committed 49920K, reserved 1097728K
  class space    used 5404K, committed 5824K, reserved 1048576K
}
Event: 122.370 GC heap before
{Heap before GC invocations=69 (full 6):
 PSYoungGen      total 44032K, used 44010K [0x00000000eab00000, 0x00000000eef80000, 0x0000000100000000)
  eden space 36352K, 100% used [0x00000000eab00000,0x00000000ece80000,0x00000000ece80000)
  from space 7680K, 99% used [0x00000000ece80000,0x00000000ed5fa858,0x00000000ed600000)
  to   space 16384K, 0% used [0x00000000edf80000,0x00000000edf80000,0x00000000eef80000)
 ParOldGen       total 266752K, used 251765K [0x00000000c0000000, 0x00000000d0480000, 0x00000000eab00000)
  object space 266752K, 94% used [0x00000000c0000000,0x00000000cf5dd500,0x00000000d0480000)
 Metaspace       used 49072K, committed 49920K, reserved 1097728K
  class space    used 5404K, committed 5824K, reserved 1048576K
}
Event: 122.676 GC heap after
{Heap after GC invocations=69 (full 6):
 PSYoungGen      total 49664K, used 8739K [0x00000000eab00000, 0x00000000ee880000, 0x0000000100000000)
  eden space 40448K, 0% used [0x00000000eab00000,0x00000000eab00000,0x00000000ed280000)
  from space 9216K, 94% used [0x00000000edf80000,0x00000000ee808fd0,0x00000000ee880000)
  to   space 11264K, 0% used [0x00000000ed280000,0x00000000ed280000,0x00000000edd80000)
 ParOldGen       total 266752K, used 259445K [0x00000000c0000000, 0x00000000d0480000, 0x00000000eab00000)
  object space 266752K, 97% used [0x00000000c0000000,0x00000000cfd5d778,0x00000000d0480000)
 Metaspace       used 49072K, committed 49920K, reserved 1097728K
  class space    used 5404K, committed 5824K, reserved 1048576K
}
Event: 122.676 GC heap before
{Heap before GC invocations=70 (full 7):
 PSYoungGen      total 49664K, used 8739K [0x00000000eab00000, 0x00000000ee880000, 0x0000000100000000)
  eden space 40448K, 0% used [0x00000000eab00000,0x00000000eab00000,0x00000000ed280000)
  from space 9216K, 94% used [0x00000000edf80000,0x00000000ee808fd0,0x00000000ee880000)
  to   space 11264K, 0% used [0x00000000ed280000,0x00000000ed280000,0x00000000edd80000)
 ParOldGen       total 266752K, used 259445K [0x00000000c0000000, 0x00000000d0480000, 0x00000000eab00000)
  object space 266752K, 97% used [0x00000000c0000000,0x00000000cfd5d778,0x00000000d0480000)
 Metaspace       used 49072K, committed 49920K, reserved 1097728K
  class space    used 5404K, committed 5824K, reserved 1048576K
}

Deoptimization events (20 events):
Event: 115.887 Thread 0x000055c5f907f770 DEOPT PACKING pc=0x00007f86aeffe84d sp=0x00007f86a42e5f40
Event: 115.887 Thread 0x000055c5f907f770 DEOPT UNPACKING pc=0x00007f86ae22b52f sp=0x00007f86a42e5488 mode 0
Event: 115.932 Thread 0x000055c5f907f770 DEOPT PACKING pc=0x00007f86aeffe84d sp=0x00007f86a42e5f40
Event: 115.932 Thread 0x000055c5f907f770 DEOPT UNPACKING pc=0x00007f86ae22b52f sp=0x00007f86a42e5488 mode 0
Event: 115.998 Thread 0x000055c5f907f770 DEOPT PACKING pc=0x00007f86aeffe84d sp=0x00007f86a42e5f40
Event: 115.998 Thread 0x000055c5f907f770 DEOPT UNPACKING pc=0x00007f86ae22b52f sp=0x00007f86a42e5488 mode 0
Event: 116.074 Thread 0x000055c5f907f770 DEOPT PACKING pc=0x00007f86aeffe84d sp=0x00007f86a42e5f40
Event: 116.074 Thread 0x000055c5f907f770 DEOPT UNPACKING pc=0x00007f86ae22b52f sp=0x00007f86a42e5488 mode 0
Event: 116.136 Thread 0x000055c5f907f770 DEOPT PACKING pc=0x00007f86aeffe84d sp=0x00007f86a42e5f40
Event: 116.136 Thread 0x000055c5f907f770 DEOPT UNPACKING pc=0x00007f86ae22b52f sp=0x00007f86a42e5488 mode 0
Event: 116.237 Thread 0x000055c5f907f770 DEOPT PACKING pc=0x00007f86aeffe84d sp=0x00007f86a42e5f40
Event: 116.237 Thread 0x000055c5f907f770 DEOPT UNPACKING pc=0x00007f86ae22b52f sp=0x00007f86a42e5488 mode 0
Event: 116.316 Thread 0x000055c5f907f770 DEOPT PACKING pc=0x00007f86aeffe84d sp=0x00007f86a42e5f40
Event: 116.316 Thread 0x000055c5f907f770 DEOPT UNPACKING pc=0x00007f86ae22b52f sp=0x00007f86a42e5488 mode 0
Event: 116.935 Thread 0x000055c5f907f770 DEOPT PACKING pc=0x00007f86aeffe84d sp=0x00007f86a42e5f40
Event: 116.935 Thread 0x000055c5f907f770 DEOPT UNPACKING pc=0x00007f86ae22b52f sp=0x00007f86a42e5488 mode 0
Event: 117.712 Thread 0x000055c5f907f770 Uncommon trap: trap_request=0xffffff45 fr.pc=0x00007f86b5e98b64 relative=0x0000000000002d44
Event: 117.712 Thread 0x000055c5f907f770 Uncommon trap: reason=unstable_if action=reinterpret pc=0x00007f86b5e98b64 method=org.eclipse.jdt.internal.compiler.classfmt.MethodInfo.createMethod([B[IIJ)Lorg/eclipse/jdt/internal/compiler/classfmt/MethodInfo; @ 357 c2
Event: 117.712 Thread 0x000055c5f907f770 DEOPT PACKING pc=0x00007f86b5e98b64 sp=0x00007f86a42e5f50
Event: 117.712 Thread 0x000055c5f907f770 DEOPT UNPACKING pc=0x00007f86ae22ad99 sp=0x00007f86a42e5ed0 mode 2

Classes unloaded (20 events):
Event: 77.725 Thread 0x00007f86c00ecad0 Unloading class 0x00000001004d19a8 'org/apache/maven/artifact/handler/DefaultArtifactHandler$__sisu9'
Event: 77.725 Thread 0x00007f86c00ecad0 Unloading class 0x00000001004d1758 'org/apache/maven/lifecycle/mapping/DefaultLifecycleMapping$__sisu5'
Event: 77.725 Thread 0x00007f86c00ecad0 Unloading class 0x00000001004d14a0 'org/apache/maven/artifact/handler/DefaultArtifactHandler$__sisu18'
Event: 77.725 Thread 0x00007f86c00ecad0 Unloading class 0x00000001004d1250 'org/apache/maven/lifecycle/mapping/DefaultLifecycleMapping$__sisu3'
Event: 77.725 Thread 0x00007f86c00ecad0 Unloading class 0x00000001004d1000 'org/apache/maven/lifecycle/mapping/DefaultLifecycleMapping$__sisu2'
Event: 77.725 Thread 0x00007f86c00ecad0 Unloading class 0x00000001004b9c28 'org/apache/maven/artifact/handler/DefaultArtifactHandler$__sisu16'
Event: 77.725 Thread 0x00007f86c00ecad0 Unloading class 0x00000001004b9970 'org/apache/maven/artifact/handler/DefaultArtifactHandler$__sisu10'
Event: 77.725 Thread 0x00007f86c00ecad0 Unloading class 0x00000001004b96b8 'org/apache/maven/artifact/handler/DefaultArtifactHandler$__sisu13'
Event: 77.725 Thread 0x00007f86c00ecad0 Unloading class 0x00000001004b9400 'org/apache/maven/artifact/handler/DefaultArtifactHandler$__sisu15'
Event: 77.725 Thread 0x00007f86c00ecad0 Unloading class 0x00000001004b9148 'org/apache/maven/artifact/handler/DefaultArtifactHandler$__sisu17'
Event: 77.725 Thread 0x00007f86c00ecad0 Unloading class 0x00000001004b8ef8 'org/apache/maven/lifecycle/mapping/DefaultLifecycleMapping$__sisu6'
Event: 77.725 Thread 0x00007f86c00ecad0 Unloading class 0x00000001004b8ca8 'org/apache/maven/lifecycle/mapping/DefaultLifecycleMapping$__sisu1'
Event: 77.725 Thread 0x00007f86c00ecad0 Unloading class 0x00000001004b8a58 'org/apache/maven/lifecycle/mapping/DefaultLifecycleMapping$__sisu4'
Event: 77.725 Thread 0x00007f86c00ecad0 Unloading class 0x00000001004b87a0 'org/apache/maven/artifact/handler/DefaultArtifactHandler$__sisu11'
Event: 77.725 Thread 0x00007f86c00ecad0 Unloading class 0x00000001004b8570 'org/apache/maven/lifecycle/Lifecycle$__sisu7'
Event: 77.725 Thread 0x00007f86c00ecad0 Unloading class 0x00000001004b82b8 'org/apache/maven/artifact/handler/DefaultArtifactHandler$__sisu19'
Event: 77.725 Thread 0x00007f86c00ecad0 Unloading class 0x00000001004b8000 'org/apache/maven/artifact/handler/DefaultArtifactHandler$__sisu14'
Event: 77.725 Thread 0x00007f86c00ecad0 Unloading class 0x00000001004a04e8 'org/sonatype/plexus/components/sec/dispatcher/DefaultSecDispatcher$__sisu20'
Event: 77.725 Thread 0x00007f86c00ecad0 Unloading class 0x00000001004a02b8 'org/apache/maven/lifecycle/Lifecycle$__sisu8'
Event: 77.725 Thread 0x00007f86c00ecad0 Unloading class 0x00000001004a0000 'org/apache/maven/artifact/handler/DefaultArtifactHandler$__sisu12'

Classes redefined (0 events):
No events

Internal exceptions (20 events):
Event: 74.070 Thread 0x00007f86c04d7dd0 Exception <a 'sun/nio/fs/UnixException'{0x00000000eaec5480}> (0x00000000eaec5480) 
thrown [src/hotspot/share/prims/jni.cpp, line 516]
Event: 74.126 Thread 0x00007f86c04d7dd0 Exception <a 'sun/nio/fs/UnixException'{0x00000000eaf99e90}> (0x00000000eaf99e90) 
thrown [src/hotspot/share/prims/jni.cpp, line 516]
Event: 74.188 Thread 0x00007f86c04d7dd0 Exception <a 'sun/nio/fs/UnixException'{0x00000000eafeb340}> (0x00000000eafeb340) 
thrown [src/hotspot/share/prims/jni.cpp, line 516]
Event: 74.264 Thread 0x00007f86c04d7dd0 Exception <a 'java/io/IOException'{0x00000000eb19dd10}> (0x00000000eb19dd10) 
thrown [src/hotspot/share/prims/jni.cpp, line 516]
Event: 74.265 Thread 0x00007f86c04d7dd0 Exception <a 'java/io/IOException'{0x00000000eb19e018}> (0x00000000eb19e018) 
thrown [src/hotspot/share/prims/jni.cpp, line 516]
Event: 74.265 Thread 0x00007f86c04d7dd0 Exception <a 'java/io/IOException'{0x00000000eb19e320}> (0x00000000eb19e320) 
thrown [src/hotspot/share/prims/jni.cpp, line 516]
Event: 74.329 Thread 0x00007f86c04d7dd0 Exception <a 'sun/nio/fs/UnixException'{0x00000000eb1ba538}> (0x00000000eb1ba538) 
thrown [src/hotspot/share/prims/jni.cpp, line 516]
Event: 74.362 Thread 0x00007f86c04d7dd0 Exception <a 'sun/nio/fs/UnixException'{0x00000000eb1d5888}> (0x00000000eb1d5888) 
thrown [src/hotspot/share/prims/jni.cpp, line 516]
Event: 74.592 Thread 0x00007f86c04d7dd0 Exception <a 'java/lang/reflect/InvocationTargetException'{0x00000000eb29f9f8}> (0x00000000eb29f9f8) 
thrown [src/hotspot/share/runtime/reflection.cpp, line 1121]
Event: 74.851 Thread 0x00007f86c04d7dd0 Exception <a 'java/io/IOException'{0x00000000eb53e030}> (0x00000000eb53e030) 
thrown [src/hotspot/share/prims/jni.cpp, line 516]
Event: 74.851 Thread 0x00007f86c04d7dd0 Exception <a 'java/io/IOException'{0x00000000eb53e338}> (0x00000000eb53e338) 
thrown [src/hotspot/share/prims/jni.cpp, line 516]
Event: 74.851 Thread 0x00007f86c04d7dd0 Exception <a 'java/io/IOException'{0x00000000eb53e640}> (0x00000000eb53e640) 
thrown [src/hotspot/share/prims/jni.cpp, line 516]
Event: 74.852 Thread 0x00007f86c04d7dd0 Exception <a 'java/io/IOException'{0x00000000eb53f878}> (0x00000000eb53f878) 
thrown [src/hotspot/share/prims/jni.cpp, line 516]
Event: 74.852 Thread 0x00007f86c04d7dd0 Exception <a 'java/io/IOException'{0x00000000eb53fb80}> (0x00000000eb53fb80) 
thrown [src/hotspot/share/prims/jni.cpp, line 516]
Event: 74.852 Thread 0x00007f86c04d7dd0 Exception <a 'java/io/IOException'{0x00000000eb53fe88}> (0x00000000eb53fe88) 
thrown [src/hotspot/share/prims/jni.cpp, line 516]
Event: 75.269 Thread 0x00007f8694021550 Exception <a 'java/lang/NoSuchMethodError'{0x00000000eb9e0610}: 'java.lang.Object java.lang.invoke.DirectMethodHandle$Holder.newInvokeSpecial(java.lang.Object, java.lang.Object, java.lang.Object, java.lang.Object, java.lang.Object, java.lang.Object, java.lang.Object, java.lang.Object)'> (0x00000000eb9e0610) 
thrown [src/hotspot/share/interpreter/linkResolver.cpp, line 766]
Event: 75.309 Thread 0x00007f8694021550 Exception <a 'java/lang/NoSuchMethodError'{0x00000000eb9e6740}: 'java.lang.Object java.lang.invoke.DirectMethodHandle$Holder.invokeSpecial(java.lang.Object, java.lang.Object, java.lang.Object, java.lang.Object, java.lang.Object, java.lang.Object, java.lang.Object, java.lang.Object, java.lang.Object)'> (0x00000000eb9e6740) 
thrown [src/hotspot/share/interpreter/linkResolver.cpp, line 766]
Event: 75.310 Thread 0x00007f8694021550 Exception <a 'java/lang/NoSuchMethodError'{0x00000000eba72c78}: 'java.lang.Object java.lang.invoke.Invokers$Holder.linkToTargetMethod(java.lang.Object, java.lang.Object, java.lang.Object, java.lang.Object, java.lang.Object, java.lang.Object, java.lang.Object, java.lang.Object)'> (0x00000000eba72c78) 
thrown [src/hotspot/share/interpreter/linkResolver.cpp, line 766]
Event: 75.515 Thread 0x00007f86c02c33b0 Exception <a 'java/lang/NoSuchMethodError'{0x00000000eabff510}: 'void java.lang.invoke.DirectMethodHandle$Holder.invokeInterface(java.lang.Object, java.lang.Object)'> (0x00000000eabff510) 
thrown [src/hotspot/share/interpreter/linkResolver.cpp, line 766]
Event: 97.676 Thread 0x000055c5f907f770 Implicit null exception at 0x00007f86b5e3316b to 0x00007f86b5e3d2d4

VM Operations (20 events):
Event: 113.507 Executing VM operation: Cleanup done
Event: 113.825 Executing VM operation: ParallelGCFailedAllocation
Event: 114.051 Executing VM operation: ParallelGCFailedAllocation done
Event: 115.051 Executing VM operation: Cleanup
Event: 115.057 Executing VM operation: Cleanup done
Event: 115.187 Executing VM operation: ParallelGCFailedAllocation
Event: 115.367 Executing VM operation: ParallelGCFailedAllocation done
Event: 116.367 Executing VM operation: Cleanup
Event: 116.368 Executing VM operation: Cleanup done
Event: 116.368 Executing VM operation: ParallelGCFailedAllocation
Event: 116.897 Executing VM operation: ParallelGCFailedAllocation done
Event: 117.897 Executing VM operation: Cleanup
Event: 117.908 Executing VM operation: Cleanup done
Event: 118.762 Executing VM operation: ParallelGCFailedAllocation
Event: 118.980 Executing VM operation: ParallelGCFailedAllocation done
Event: 119.980 Executing VM operation: Cleanup
Event: 119.980 Executing VM operation: Cleanup done
Event: 120.654 Executing VM operation: ParallelGCFailedAllocation
Event: 120.937 Executing VM operation: ParallelGCFailedAllocation done
Event: 122.370 Executing VM operation: ParallelGCFailedAllocation

Events (20 events):
Event: 75.087 loading class jdk/internal/reflect/UnsafeQualifiedStaticLongFieldAccessorImpl done
Event: 75.110 loading class jdk/internal/reflect/SerializationConstructorAccessorImpl
Event: 75.110 loading class jdk/internal/reflect/SerializationConstructorAccessorImpl done
Event: 75.110 loading class java/io/ObjectStreamClass$FieldReflectorKey
Event: 75.110 loading class java/io/ObjectStreamClass$FieldReflectorKey done
Event: 75.111 loading class java/io/ObjectStreamClass$FieldReflector
Event: 75.111 loading class java/io/ObjectStreamClass$FieldReflector done
Event: 75.112 loading class java/io/ObjectStreamClass$ClassDataSlot
Event: 75.112 loading class java/io/ObjectStreamClass$ClassDataSlot done
Event: 75.172 loading class java/nio/charset/CharacterCodingException
Event: 75.172 loading class java/nio/charset/CharacterCodingException done
Event: 75.204 loading class java/io/SerialCallbackContext
Event: 75.205 loading class java/io/SerialCallbackContext done
Event: 75.683 loading class javax/security/auth/login/Configuration
Event: 75.683 loading class javax/security/auth/login/Configuration done
Event: 76.248 loading class java/util/IdentityHashMap$KeyIterator
Event: 76.248 loading class java/util/IdentityHashMap$IdentityHashMapIterator
Event: 76.248 loading class java/util/IdentityHashMap$IdentityHashMapIterator done
Event: 76.248 loading class java/util/IdentityHashMap$KeyIterator done
Event: 76.248 Thread 0x00007f86c04d5c70 Thread exited: 0x00007f86c04d5c70


Dynamic libraries:
c0000000-d0480000 rw-p 00000000 00:00 0 
d5b80000-eab00000 ---p 00000000 00:00 0 
eab00000-ee880000 rw-p 00000000 00:00 0 
ee880000-100000000 ---p 00000000 00:00 0 
100000000-100020000 rw-p 00000000 00:00 0 
100020000-100040000 rw-p 00000000 00:00 0 
100040000-100100000 rw-p 00000000 00:00 0 
100100000-100180000 rw-p 00000000 00:00 0 
100180000-100240000 rw-p 00000000 00:00 0 
100240000-1003e0000 rw-p 00000000 00:00 0 
1003e0000-100400000 rw-p 00000000 00:00 0 
100400000-1005a0000 rw-p 00000000 00:00 0 
1005a0000-1005c0000 ---p 00000000 00:00 0 
1005c0000-1005d0000 rw-p 00000000 00:00 0 
1005d0000-140000000 ---p 00000000 00:00 0 
55c5f7f55000-55c5f7f56000 r-xp 00000000 08:00 993908                     /home/markojudas/.vscode-server/extensions/redhat.java-1.4.0/jre/17.0.2-linux-x86_64/bin/java
55c5f8156000-55c5f8157000 r--p 00001000 08:00 993908                     /home/markojudas/.vscode-server/extensions/redhat.java-1.4.0/jre/17.0.2-linux-x86_64/bin/java
55c5f8157000-55c5f8158000 rw-p 00002000 08:00 993908                     /home/markojudas/.vscode-server/extensions/redhat.java-1.4.0/jre/17.0.2-linux-x86_64/bin/java
55c5f8d88000-55c5fb17c000 rw-p 00000000 00:00 0                          [heap]
7f867f83d000-7f8688000000 r--s 00000000 08:00 616034                     /usr/lib/jvm/java-11-openjdk-amd64/lib/modules
7f8688000000-7f8688d2d000 rw-p 00000000 00:00 0 
7f8688d2d000-7f868c000000 ---p 00000000 00:00 0 
7f868d5fe000-7f868d602000 ---p 00000000 00:00 0 
7f868d602000-7f868d6ff000 rw-p 00000000 00:00 0 
7f868d6ff000-7f868d703000 ---p 00000000 00:00 0 
7f868d703000-7f868d900000 rw-p 00000000 00:00 0 
7f868d900000-7f868d960000 rw-p 00000000 00:00 0 
7f868d960000-7f868da00000 ---p 00000000 00:00 0 
7f868da00000-7f868dbb0000 rw-p 00000000 00:00 0 
7f868dbb0000-7f868e000000 ---p 00000000 00:00 0 
7f868e000000-7f868e3c0000 rw-p 00000000 00:00 0 
7f868e3c0000-7f868e400000 rw-p 00000000 00:00 0 
7f868e400000-7f868e800000 rw-p 00000000 00:00 0 
7f868e8fd000-7f868e901000 ---p 00000000 00:00 0 
7f868e901000-7f868e9fe000 rw-p 00000000 00:00 0 
7f868e9fe000-7f868ea02000 ---p 00000000 00:00 0 
7f868ea02000-7f868eaff000 rw-p 00000000 00:00 0 
7f868eaff000-7f868eb03000 ---p 00000000 00:00 0 
7f868eb03000-7f868ed80000 rw-p 00000000 00:00 0 
7f868ed80000-7f868ee00000 rw-p 00000000 00:00 0 
7f868ee00000-7f868f1e0000 rw-p 00000000 00:00 0 
7f868f1e0000-7f868f200000 rw-p 00000000 00:00 0 
7f868f200000-7f868f380000 rw-p 00000000 00:00 0 
7f868f380000-7f868f400000 rw-p 00000000 00:00 0 
7f868f4f0000-7f868f4f4000 ---p 00000000 00:00 0 
7f868f4f4000-7f868f5f1000 rw-p 00000000 00:00 0 
7f868f5f1000-7f868f5fe000 r-xp 00000000 08:00 994106                     /home/markojudas/.vscode-server/extensions/redhat.java-1.4.0/jre/17.0.2-linux-x86_64/lib/libverify.so
7f868f5fe000-7f868f7fd000 ---p 0000d000 08:00 994106                     /home/markojudas/.vscode-server/extensions/redhat.java-1.4.0/jre/17.0.2-linux-x86_64/lib/libverify.so
7f868f7fd000-7f868f7ff000 r--p 0000c000 08:00 994106                     /home/markojudas/.vscode-server/extensions/redhat.java-1.4.0/jre/17.0.2-linux-x86_64/lib/libverify.so
7f868f7ff000-7f868f800000 rw-p 0000e000 08:00 994106                     /home/markojudas/.vscode-server/extensions/redhat.java-1.4.0/jre/17.0.2-linux-x86_64/lib/libverify.so
7f868f800000-7f868ff00000 rw-p 00000000 00:00 0 
7f868ff00000-7f8690000000 rw-p 00000000 00:00 0 
7f8690000000-7f8690021000 rw-p 00000000 00:00 0 
7f8690021000-7f8694000000 ---p 00000000 00:00 0 
7f8694000000-7f8694048000 rw-p 00000000 00:00 0 
7f8694048000-7f8698000000 ---p 00000000 00:00 0 
7f8698000000-7f869832c000 rw-p 00000000 00:00 0 
7f869832c000-7f869c000000 ---p 00000000 00:00 0 
7f869c000000-7f869c03c000 rw-p 00000000 00:00 0 
7f869c03c000-7f86a0000000 ---p 00000000 00:00 0 
7f86a0000000-7f86a0427000 rw-p 00000000 00:00 0 
7f86a0427000-7f86a4000000 ---p 00000000 00:00 0 
7f86a40e6000-7f86a40ea000 ---p 00000000 00:00 0 
7f86a40ea000-7f86a41e7000 rw-p 00000000 00:00 0 
7f86a41e7000-7f86a41eb000 ---p 00000000 00:00 0 
7f86a41eb000-7f86a42e8000 rw-p 00000000 00:00 0 
7f86a42e8000-7f86a42ec000 ---p 00000000 00:00 0 
7f86a42ec000-7f86a43e9000 rw-p 00000000 00:00 0 
7f86a43e9000-7f86a43ed000 ---p 00000000 00:00 0 
7f86a43ed000-7f86a44ea000 rw-p 00000000 00:00 0 
7f86a44ea000-7f86a44ee000 ---p 00000000 00:00 0 
7f86a44ee000-7f86a45eb000 rw-p 00000000 00:00 0 
7f86a45eb000-7f86a45ef000 ---p 00000000 00:00 0 
7f86a45ef000-7f86a46ec000 rw-p 00000000 00:00 0 
7f86a46ec000-7f86a46f0000 ---p 00000000 00:00 0 
7f86a46f0000-7f86a47ed000 rw-p 00000000 00:00 0 
7f86a47ed000-7f86a47fd000 r-xp 00000000 08:00 1232947                    /home/markojudas/.vscode-server/data/User/globalStorage/redhat.java/1.4.0/config_linux/org.eclipse.equinox.launcher/org.eclipse.equinox.launcher.gtk.linux.x86_64_1.2.400.v20211117-0650/eclipse_11600.so
7f86a47fd000-7f86a49fc000 ---p 00010000 08:00 1232947                    /home/markojudas/.vscode-server/data/User/globalStorage/redhat.java/1.4.0/config_linux/org.eclipse.equinox.launcher/org.eclipse.equinox.launcher.gtk.linux.x86_64_1.2.400.v20211117-0650/eclipse_11600.so
7f86a49fc000-7f86a49fd000 r--p 0000f000 08:00 1232947                    /home/markojudas/.vscode-server/data/User/globalStorage/redhat.java/1.4.0/config_linux/org.eclipse.equinox.launcher/org.eclipse.equinox.launcher.gtk.linux.x86_64_1.2.400.v20211117-0650/eclipse_11600.so
7f86a49fd000-7f86a49fe000 rw-p 00010000 08:00 1232947                    /home/markojudas/.vscode-server/data/User/globalStorage/redhat.java/1.4.0/config_linux/org.eclipse.equinox.launcher/org.eclipse.equinox.launcher.gtk.linux.x86_64_1.2.400.v20211117-0650/eclipse_11600.so
7f86a49fe000-7f86a4a02000 ---p 00000000 00:00 0 
7f86a4a02000-7f86a4aff000 rw-p 00000000 00:00 0 
7f86a4aff000-7f86a4b03000 ---p 00000000 00:00 0 
7f86a4b03000-7f86a4d00000 rw-p 00000000 00:00 0 
7f86a4d00000-7f86a4f00000 rw-p 00000000 00:00 0 
7f86a4f00000-7f86a5000000 rw-p 00000000 00:00 0 
7f86a5000000-7f86a5100000 rw-p 00000000 00:00 0 
7f86a5100000-7f86a5200000 rw-p 00000000 00:00 0 
7f86a5200000-7f86a5400000 rw-p 00000000 00:00 0 
7f86a54cf000-7f86a54d3000 ---p 00000000 00:00 0 
7f86a54d3000-7f86a55d0000 rw-p 00000000 00:00 0 
7f86a55d0000-7f86a55e5000 r-xp 00000000 08:00 994099                     /home/markojudas/.vscode-server/extensions/redhat.java-1.4.0/jre/17.0.2-linux-x86_64/lib/libnet.so
7f86a55e5000-7f86a57e4000 ---p 00015000 08:00 994099                     /home/markojudas/.vscode-server/extensions/redhat.java-1.4.0/jre/17.0.2-linux-x86_64/lib/libnet.so
7f86a57e4000-7f86a57e5000 r--p 00014000 08:00 994099                     /home/markojudas/.vscode-server/extensions/redhat.java-1.4.0/jre/17.0.2-linux-x86_64/lib/libnet.so
7f86a57e5000-7f86a57e6000 rw-p 00015000 08:00 994099                     /home/markojudas/.vscode-server/extensions/redhat.java-1.4.0/jre/17.0.2-linux-x86_64/lib/libnet.so
7f86a57e6000-7f86a57f8000 r-xp 00000000 08:00 994100                     /home/markojudas/.vscode-server/extensions/redhat.java-1.4.0/jre/17.0.2-linux-x86_64/lib/libnio.so
7f86a57f8000-7f86a59f7000 ---p 00012000 08:00 994100                     /home/markojudas/.vscode-server/extensions/redhat.java-1.4.0/jre/17.0.2-linux-x86_64/lib/libnio.so
7f86a59f7000-7f86a59f8000 r--p 00011000 08:00 994100                     /home/markojudas/.vscode-server/extensions/redhat.java-1.4.0/jre/17.0.2-linux-x86_64/lib/libnio.so
7f86a59f8000-7f86a59f9000 rw-p 00012000 08:00 994100                     /home/markojudas/.vscode-server/extensions/redhat.java-1.4.0/jre/17.0.2-linux-x86_64/lib/libnio.so
7f86a59f9000-7f86a59fa000 ---p 00000000 00:00 0 
7f86a59fa000-7f86a5afb000 rw-p 00000000 00:00 0 
7f86a5afb000-7f86a5aff000 ---p 00000000 00:00 0 
7f86a5aff000-7f86a5bfc000 rw-p 00000000 00:00 0 
7f86a5bfc000-7f86a5c00000 ---p 00000000 00:00 0 
7f86a5c00000-7f86a5cfd000 rw-p 00000000 00:00 0 
7f86a5cfd000-7f86a5d01000 ---p 00000000 00:00 0 
7f86a5d01000-7f86a5dfe000 rw-p 00000000 00:00 0 
7f86a5dfe000-7f86a5e02000 ---p 00000000 00:00 0 
7f86a5e02000-7f86a5eff000 rw-p 00000000 00:00 0 
7f86a5eff000-7f86a5f03000 ---p 00000000 00:00 0 
7f86a5f03000-7f86a8000000 rw-p 00000000 00:00 0 
7f86a8000000-7f86a804e000 rw-p 00000000 00:00 0 
7f86a804e000-7f86ac000000 ---p 00000000 00:00 0 
7f86ac006000-7f86ac00a000 ---p 00000000 00:00 0 
7f86ac00a000-7f86ac107000 rw-p 00000000 00:00 0 
7f86ac107000-7f86ac10b000 ---p 00000000 00:00 0 
7f86ac10b000-7f86ac208000 rw-p 00000000 00:00 0 
7f86ac208000-7f86ac20c000 ---p 00000000 00:00 0 
7f86ac20c000-7f86ac309000 rw-p 00000000 00:00 0 
7f86ac309000-7f86ac5ee000 r--p 00000000 08:00 1812                       /usr/lib/locale/locale-archive
7f86ac5ee000-7f86ac5f2000 ---p 00000000 00:00 0 
7f86ac5f2000-7f86ac6ef000 rw-p 00000000 00:00 0 
7f86ac6ef000-7f86ac6f3000 ---p 00000000 00:00 0 
7f86ac6f3000-7f86ac7f0000 rw-p 00000000 00:00 0 
7f86ac7f0000-7f86ac7f1000 ---p 00000000 00:00 0 
7f86ac7f1000-7f86acdf7000 rw-p 00000000 00:00 0 
7f86acdf7000-7f86acdfe000 r-xp 00000000 08:00 994107                     /home/markojudas/.vscode-server/extensions/redhat.java-1.4.0/jre/17.0.2-linux-x86_64/lib/libzip.so
7f86acdfe000-7f86acffe000 ---p 00007000 08:00 994107                     /home/markojudas/.vscode-server/extensions/redhat.java-1.4.0/jre/17.0.2-linux-x86_64/lib/libzip.so
7f86acffe000-7f86acfff000 r--p 00007000 08:00 994107                     /home/markojudas/.vscode-server/extensions/redhat.java-1.4.0/jre/17.0.2-linux-x86_64/lib/libzip.so
7f86acfff000-7f86ad000000 rw-p 00008000 08:00 994107                     /home/markojudas/.vscode-server/extensions/redhat.java-1.4.0/jre/17.0.2-linux-x86_64/lib/libzip.so
7f86ad000000-7f86ad400000 rw-p 00000000 00:00 0 
7f86ad400000-7f86ad420000 rw-p 00000000 00:00 0 
7f86ad420000-7f86ad440000 rw-p 00000000 00:00 0 
7f86ad440000-7f86ad480000 rw-p 00000000 00:00 0 
7f86ad480000-7f86ad500000 rw-p 00000000 00:00 0 
7f86ad500000-7f86ad700000 rw-p 00000000 00:00 0 
7f86ad700000-7f86ad740000 rw-p 00000000 00:00 0 
7f86ad740000-7f86ad780000 rw-p 00000000 00:00 0 
7f86ad780000-7f86ad800000 rw-p 00000000 00:00 0 
7f86ad896000-7f86ad89a000 ---p 00000000 00:00 0 
7f86ad89a000-7f86add18000 rw-p 00000000 00:00 0 
7f86add18000-7f86addeb000 ---p 00000000 00:00 0 
7f86addeb000-7f86addec000 ---p 00000000 00:00 0 
7f86addec000-7f86adf70000 rw-p 00000000 00:00 0 
7f86adf70000-7f86ae042000 ---p 00000000 00:00 0 
7f86ae042000-7f86ae062000 rw-p 00000000 00:00 0 
7f86ae062000-7f86ae0ed000 ---p 00000000 00:00 0 
7f86ae0ed000-7f86ae0f3000 rw-p 00000000 00:00 0 
7f86ae0f3000-7f86ae1d9000 ---p 00000000 00:00 0 
7f86ae1d9000-7f86ae449000 rwxp 00000000 00:00 0 
7f86ae449000-7f86ae768000 ---p 00000000 00:00 0 
7f86ae768000-7f86af048000 rwxp 00000000 00:00 0 
7f86af048000-7f86b5ca0000 ---p 00000000 00:00 0 
7f86b5ca0000-7f86b5f10000 rwxp 00000000 00:00 0 
7f86b5f10000-7f86bd1d9000 ---p 00000000 00:00 0 
7f86bd1d9000-7f86bd1fd000 r-xp 00000000 08:00 994086                     /home/markojudas/.vscode-server/extensions/redhat.java-1.4.0/jre/17.0.2-linux-x86_64/lib/libjava.so
7f86bd1fd000-7f86bd3fd000 ---p 00024000 08:00 994086                     /home/markojudas/.vscode-server/extensions/redhat.java-1.4.0/jre/17.0.2-linux-x86_64/lib/libjava.so
7f86bd3fd000-7f86bd3fe000 r--p 00024000 08:00 994086                     /home/markojudas/.vscode-server/extensions/redhat.java-1.4.0/jre/17.0.2-linux-x86_64/lib/libjava.so
7f86bd3fe000-7f86bd3ff000 rw-p 00025000 08:00 994086                     /home/markojudas/.vscode-server/extensions/redhat.java-1.4.0/jre/17.0.2-linux-x86_64/lib/libjava.so
7f86bd3ff000-7f86bd400000 rw-p 00000000 00:00 0 
7f86bd400000-7f86c0000000 r--s 00000000 08:00 994108                     /home/markojudas/.vscode-server/extensions/redhat.java-1.4.0/jre/17.0.2-linux-x86_64/lib/modules
7f86c0000000-7f86c0503000 rw-p 00000000 00:00 0 
7f86c0503000-7f86c4000000 ---p 00000000 00:00 0 
7f86c4011000-7f86c4018000 r--s 00000000 08:00 27866                      /usr/lib/x86_64-linux-gnu/gconv/gconv-modules.cache
7f86c4018000-7f86c407f000 rw-p 00000000 00:00 0 
7f86c407f000-7f86c4158000 ---p 00000000 00:00 0 
7f86c4158000-7f86c415b000 r--p 00000000 08:00 11085                      /usr/lib/x86_64-linux-gnu/libnss_files-2.28.so
7f86c415b000-7f86c4162000 r-xp 00003000 08:00 11085                      /usr/lib/x86_64-linux-gnu/libnss_files-2.28.so
7f86c4162000-7f86c4164000 r--p 0000a000 08:00 11085                      /usr/lib/x86_64-linux-gnu/libnss_files-2.28.so
7f86c4164000-7f86c4165000 ---p 0000c000 08:00 11085                      /usr/lib/x86_64-linux-gnu/libnss_files-2.28.so
7f86c4165000-7f86c4166000 r--p 0000c000 08:00 11085                      /usr/lib/x86_64-linux-gnu/libnss_files-2.28.so
7f86c4166000-7f86c4167000 rw-p 0000d000 08:00 11085                      /usr/lib/x86_64-linux-gnu/libnss_files-2.28.so
7f86c4167000-7f86c416d000 rw-p 00000000 00:00 0 
7f86c416e000-7f86c4173000 rw-p 00000000 00:00 0 
7f86c4173000-7f86c417a000 ---p 00000000 00:00 0 
7f86c417a000-7f86c4195000 r-xp 00000000 08:00 994090                     /home/markojudas/.vscode-server/extensions/redhat.java-1.4.0/jre/17.0.2-linux-x86_64/lib/libjimage.so
7f86c4195000-7f86c4394000 ---p 0001b000 08:00 994090                     /home/markojudas/.vscode-server/extensions/redhat.java-1.4.0/jre/17.0.2-linux-x86_64/lib/libjimage.so
7f86c4394000-7f86c4396000 r--p 0001a000 08:00 994090                     /home/markojudas/.vscode-server/extensions/redhat.java-1.4.0/jre/17.0.2-linux-x86_64/lib/libjimage.so
7f86c4396000-7f86c4397000 rw-p 0001c000 08:00 994090                     /home/markojudas/.vscode-server/extensions/redhat.java-1.4.0/jre/17.0.2-linux-x86_64/lib/libjimage.so
7f86c4397000-7f86c439b000 ---p 00000000 00:00 0 
7f86c439b000-7f86c4498000 rw-p 00000000 00:00 0 
7f86c4498000-7f86c44a5000 r--p 00000000 08:00 11079                      /usr/lib/x86_64-linux-gnu/libm-2.28.so
7f86c44a5000-7f86c4544000 r-xp 0000d000 08:00 11079                      /usr/lib/x86_64-linux-gnu/libm-2.28.so
7f86c4544000-7f86c4619000 r--p 000ac000 08:00 11079                      /usr/lib/x86_64-linux-gnu/libm-2.28.so
7f86c4619000-7f86c461a000 r--p 00180000 08:00 11079                      /usr/lib/x86_64-linux-gnu/libm-2.28.so
7f86c461a000-7f86c461b000 rw-p 00181000 08:00 11079                      /usr/lib/x86_64-linux-gnu/libm-2.28.so
7f86c461b000-7f86c461d000 r--p 00000000 08:00 11094                      /usr/lib/x86_64-linux-gnu/librt-2.28.so
7f86c461d000-7f86c4621000 r-xp 00002000 08:00 11094                      /usr/lib/x86_64-linux-gnu/librt-2.28.so
7f86c4621000-7f86c4623000 r--p 00006000 08:00 11094                      /usr/lib/x86_64-linux-gnu/librt-2.28.so
7f86c4623000-7f86c4624000 r--p 00007000 08:00 11094                      /usr/lib/x86_64-linux-gnu/librt-2.28.so
7f86c4624000-7f86c4625000 rw-p 00008000 08:00 11094                      /usr/lib/x86_64-linux-gnu/librt-2.28.so
7f86c4625000-7f86c5909000 r-xp 00000000 08:00 1232751                    /home/markojudas/.vscode-server/extensions/redhat.java-1.4.0/jre/17.0.2-linux-x86_64/lib/server/libjvm.so
7f86c5909000-7f86c5b09000 ---p 012e4000 08:00 1232751                    /home/markojudas/.vscode-server/extensions/redhat.java-1.4.0/jre/17.0.2-linux-x86_64/lib/server/libjvm.so
7f86c5b09000-7f86c5bc2000 r--p 012e4000 08:00 1232751                    /home/markojudas/.vscode-server/extensions/redhat.java-1.4.0/jre/17.0.2-linux-x86_64/lib/server/libjvm.so
7f86c5bc2000-7f86c5bf7000 rw-p 0139d000 08:00 1232751                    /home/markojudas/.vscode-server/extensions/redhat.java-1.4.0/jre/17.0.2-linux-x86_64/lib/server/libjvm.so
7f86c5bf7000-7f86c5c52000 rw-p 00000000 00:00 0 
7f86c5c52000-7f86c5c74000 r--p 00000000 08:00 11076                      /usr/lib/x86_64-linux-gnu/libc-2.28.so
7f86c5c74000-7f86c5dbb000 r-xp 00022000 08:00 11076                      /usr/lib/x86_64-linux-gnu/libc-2.28.so
7f86c5dbb000-7f86c5e07000 r--p 00169000 08:00 11076                      /usr/lib/x86_64-linux-gnu/libc-2.28.so
7f86c5e07000-7f86c5e08000 ---p 001b5000 08:00 11076                      /usr/lib/x86_64-linux-gnu/libc-2.28.so
7f86c5e08000-7f86c5e0c000 r--p 001b5000 08:00 11076                      /usr/lib/x86_64-linux-gnu/libc-2.28.so
7f86c5e0c000-7f86c5e0e000 rw-p 001b9000 08:00 11076                      /usr/lib/x86_64-linux-gnu/libc-2.28.so
7f86c5e0e000-7f86c5e12000 rw-p 00000000 00:00 0 
7f86c5e12000-7f86c5e13000 r--p 00000000 08:00 11078                      /usr/lib/x86_64-linux-gnu/libdl-2.28.so
7f86c5e13000-7f86c5e14000 r-xp 00001000 08:00 11078                      /usr/lib/x86_64-linux-gnu/libdl-2.28.so
7f86c5e14000-7f86c5e15000 r--p 00002000 08:00 11078                      /usr/lib/x86_64-linux-gnu/libdl-2.28.so
7f86c5e15000-7f86c5e16000 r--p 00002000 08:00 11078                      /usr/lib/x86_64-linux-gnu/libdl-2.28.so
7f86c5e16000-7f86c5e17000 rw-p 00003000 08:00 11078                      /usr/lib/x86_64-linux-gnu/libdl-2.28.so
7f86c5e17000-7f86c5e1d000 r--p 00000000 08:00 11092                      /usr/lib/x86_64-linux-gnu/libpthread-2.28.so
7f86c5e1d000-7f86c5e2c000 r-xp 00006000 08:00 11092                      /usr/lib/x86_64-linux-gnu/libpthread-2.28.so
7f86c5e2c000-7f86c5e32000 r--p 00015000 08:00 11092                      /usr/lib/x86_64-linux-gnu/libpthread-2.28.so
7f86c5e32000-7f86c5e33000 r--p 0001a000 08:00 11092                      /usr/lib/x86_64-linux-gnu/libpthread-2.28.so
7f86c5e33000-7f86c5e34000 rw-p 0001b000 08:00 11092                      /usr/lib/x86_64-linux-gnu/libpthread-2.28.so
7f86c5e34000-7f86c5e38000 rw-p 00000000 00:00 0 
7f86c5e38000-7f86c5e47000 r-xp 00000000 08:00 994091                     /home/markojudas/.vscode-server/extensions/redhat.java-1.4.0/jre/17.0.2-linux-x86_64/lib/libjli.so
7f86c5e47000-7f86c6047000 ---p 0000f000 08:00 994091                     /home/markojudas/.vscode-server/extensions/redhat.java-1.4.0/jre/17.0.2-linux-x86_64/lib/libjli.so
7f86c6047000-7f86c6048000 r--p 0000f000 08:00 994091                     /home/markojudas/.vscode-server/extensions/redhat.java-1.4.0/jre/17.0.2-linux-x86_64/lib/libjli.so
7f86c6048000-7f86c6049000 rw-p 00010000 08:00 994091                     /home/markojudas/.vscode-server/extensions/redhat.java-1.4.0/jre/17.0.2-linux-x86_64/lib/libjli.so
7f86c6049000-7f86c6065000 r-xp 00000000 08:00 4564                       /usr/lib/x86_64-linux-gnu/libz.so.1.2.11
7f86c6065000-7f86c6265000 ---p 0001c000 08:00 4564                       /usr/lib/x86_64-linux-gnu/libz.so.1.2.11
7f86c6265000-7f86c6266000 r--p 0001c000 08:00 4564                       /usr/lib/x86_64-linux-gnu/libz.so.1.2.11
7f86c6266000-7f86c6267000 rw-p 0001d000 08:00 4564                       /usr/lib/x86_64-linux-gnu/libz.so.1.2.11
7f86c6269000-7f86c6271000 rw-s 00000000 08:00 133510                     /tmp/hsperfdata_markojudas/32447
7f86c6271000-7f86c6272000 ---p 00000000 00:00 0 
7f86c6272000-7f86c6273000 r--p 00000000 00:00 0 
7f86c6273000-7f86c6274000 ---p 00000000 00:00 0 
7f86c6274000-7f86c6276000 rw-p 00000000 00:00 0 
7f86c6276000-7f86c6277000 r--p 00000000 08:00 11048                      /usr/lib/x86_64-linux-gnu/ld-2.28.so
7f86c6277000-7f86c6295000 r-xp 00001000 08:00 11048                      /usr/lib/x86_64-linux-gnu/ld-2.28.so
7f86c6295000-7f86c629d000 r--p 0001f000 08:00 11048                      /usr/lib/x86_64-linux-gnu/ld-2.28.so
7f86c629d000-7f86c629e000 r--p 00026000 08:00 11048                      /usr/lib/x86_64-linux-gnu/ld-2.28.so
7f86c629e000-7f86c629f000 rw-p 00027000 08:00 11048                      /usr/lib/x86_64-linux-gnu/ld-2.28.so
7f86c629f000-7f86c62a0000 rw-p 00000000 00:00 0 
7fff7c276000-7fff7c297000 rw-p 00000000 00:00 0                          [stack]
7fff7c313000-7fff7c316000 r--p 00000000 00:00 0                          [vvar]
7fff7c316000-7fff7c318000 r-xp 00000000 00:00 0                          [vdso]


VM Arguments:
jvm_args: --add-modules=ALL-SYSTEM --add-opens=java.base/java.util=ALL-UNNAMED --add-opens=java.base/java.lang=ALL-UNNAMED --add-opens=java.base/sun.nio.fs=ALL-UNNAMED -Declipse.application=org.eclipse.jdt.ls.core.id1 -Dosgi.bundles.defaultStartLevel=4 -Declipse.product=org.eclipse.jdt.ls.core.product -Djava.import.generatesMetadataFilesAtProjectRoot=false -Dfile.encoding=utf8 -XX:+UseParallelGC -XX:GCTimeRatio=4 -XX:AdaptiveSizePolicyWeight=90 -Dsun.zip.disableMemoryMapping=true -Xmx1G -Xms100m -XX:+HeapDumpOnOutOfMemoryError -XX:HeapDumpPath=/home/markojudas/.vscode-server/data/User/workspaceStorage/2fd85d91eb7d64f104cbee0b8ddc28e4-1/redhat.java 
java_command: /home/markojudas/.vscode-server/extensions/redhat.java-1.4.0/server/plugins/org.eclipse.equinox.launcher_1.6.400.v20210924-0641.jar -configuration /home/markojudas/.vscode-server/data/User/globalStorage/redhat.java/1.4.0/config_linux -data /home/markojudas/.vscode-server/data/User/workspaceStorage/2fd85d91eb7d64f104cbee0b8ddc28e4-1/redhat.java/jdt_ws
java_class_path (initial): /home/markojudas/.vscode-server/extensions/redhat.java-1.4.0/server/plugins/org.eclipse.equinox.launcher_1.6.400.v20210924-0641.jar
Launcher Type: SUN_STANDARD

[Global flags]
    uintx AdaptiveSizePolicyWeight                 = 90                                        {product} {command line}
     intx CICompilerCount                          = 2                                         {product} {ergonomic}
    uintx GCTimeRatio                              = 4                                         {product} {command line}
     bool HeapDumpOnOutOfMemoryError               = true                                   {manageable} {command line}
    ccstr HeapDumpPath                             = /home/markojudas/.vscode-server/data/User/workspaceStorage/2fd85d91eb7d64f104cbee0b8ddc28e4-1/redhat.java         {manageable} {command line}
   size_t InitialHeapSize                          = 104857600                                 {product} {command line}
   size_t MaxHeapSize                              = 1073741824                                {product} {command line}
   size_t MaxNewSize                               = 357564416                                 {product} {ergonomic}
   size_t MinHeapDeltaBytes                        = 524288                                    {product} {ergonomic}
   size_t MinHeapSize                              = 104857600                                 {product} {command line}
   size_t NewSize                                  = 34603008                                  {product} {ergonomic}
    uintx NonNMethodCodeHeapSize                   = 5826188                                {pd product} {ergonomic}
    uintx NonProfiledCodeHeapSize                  = 122916026                              {pd product} {ergonomic}
   size_t OldSize                                  = 70254592                                  {product} {ergonomic}
    uintx ProfiledCodeHeapSize                     = 122916026                              {pd product} {ergonomic}
    uintx ReservedCodeCacheSize                    = 251658240                              {pd product} {ergonomic}
     bool SegmentedCodeCache                       = true                                      {product} {ergonomic}
   size_t SoftMaxHeapSize                          = 1073741824                             {manageable} {ergonomic}
     bool UseCompressedClassPointers               = true                           {product lp64_product} {ergonomic}
     bool UseCompressedOops                        = true                           {product lp64_product} {ergonomic}
     bool UseParallelGC                            = true                                      {product} {command line}

Logging:
Log output configuration:
 #0: stdout all=warning uptime,level,tags
 #1: stderr all=off uptime,level,tags

Environment Variables:
PATH=/home/markojudas/.vscode-server/bin/c722ca6c7eed3d7987c0d5c3df5c45f6b15e77d1/bin/remote-cli:/home/markojudas/.local/bin:/usr/local/bin:/usr/bin:/bin:/usr/local/games:/usr/games:/home/markojudas/.dotnet/tools
SHELL=/bin/bash
LANG=en_US.UTF-8

Signal Handlers:
   SIGSEGV: crash_handler in libjvm.so, mask=11100100010111111101111111111110, flags=SA_RESTART|SA_SIGINFO
    SIGBUS: crash_handler in libjvm.so, mask=11100100010111111101111111111110, flags=SA_RESTART|SA_SIGINFO
    SIGFPE: crash_handler in libjvm.so, mask=11100100010111111101111111111110, flags=SA_RESTART|SA_SIGINFO
   SIGPIPE: javaSignalHandler in libjvm.so, mask=11100100010111111101111111111110, flags=SA_RESTART|SA_SIGINFO
   SIGXFSZ: javaSignalHandler in libjvm.so, mask=11100100010111111101111111111110, flags=SA_RESTART|SA_SIGINFO
    SIGILL: crash_handler in libjvm.so, mask=11100100010111111101111111111110, flags=SA_RESTART|SA_SIGINFO
   SIGUSR2: SR_handler in libjvm.so, mask=00000000000000000000000000000000, flags=SA_RESTART|SA_SIGINFO
    SIGHUP: UserHandler in libjvm.so, mask=11100100010111111101111111111110, flags=SA_RESTART|SA_SIGINFO
    SIGINT: UserHandler in libjvm.so, mask=11100100010111111101111111111110, flags=SA_RESTART|SA_SIGINFO
   SIGTERM: UserHandler in libjvm.so, mask=11100100010111111101111111111110, flags=SA_RESTART|SA_SIGINFO
   SIGQUIT: UserHandler in libjvm.so, mask=11100100010111111101111111111110, flags=SA_RESTART|SA_SIGINFO
   SIGTRAP: crash_handler in libjvm.so, mask=11100100010111111101111111111110, flags=SA_RESTART|SA_SIGINFO


---------------  S Y S T E M  ---------------

OS:
PRETTY_NAME="Debian GNU/Linux 10 (buster)"
NAME="Debian GNU/Linux"
VERSION_ID="10"
VERSION="10 (buster)"
VERSION_CODENAME=buster
ID=debian
HOME_URL="https://www.debian.org/"
SUPPORT_URL="https://www.debian.org/support"
BUG_REPORT_URL="https://bugs.debian.org/"
uname: Linux 4.19.0-18-amd64 #1 SMP Debian 4.19.208-1 (2021-09-29) x86_64
OS uptime: 35 days 19:34 hours
libc: glibc 2.28 NPTL 2.28 
rlimit (soft/hard): STACK 8192k/infinity , CORE 0k/infinity , NPROC 3832/3832 , NOFILE 1048576/1048576 , AS infinity/infinity , CPU infinity/infinity , DATA infinity/infinity , FSIZE infinity/infinity , MEMLOCK 65536k/65536k
load average: 7.90 3.86 1.91

/proc/meminfo:
MemTotal:        1010888 kB
MemFree:           56160 kB
MemAvailable:       1068 kB
Buffers:             184 kB
Cached:            11268 kB
SwapCached:          456 kB
Active:           403984 kB
Inactive:         406940 kB
Active(anon):     399116 kB
Inactive(anon):   400476 kB
Active(file):       4868 kB
Inactive(file):     6464 kB
Unevictable:           0 kB
Mlocked:               0 kB
SwapTotal:        524284 kB
SwapFree:              0 kB
Dirty:                12 kB
Writeback:            16 kB
AnonPages:        799072 kB
Mapped:             9436 kB
Shmem:                92 kB
Slab:              81580 kB
SReclaimable:      21132 kB
SUnreclaim:        60448 kB
KernelStack:        6076 kB
PageTables:        10968 kB
NFS_Unstable:          0 kB
Bounce:                0 kB
WritebackTmp:          0 kB
CommitLimit:     1029728 kB
Committed_AS:    3180016 kB
VmallocTotal:   34359738367 kB
VmallocUsed:           0 kB
VmallocChunk:          0 kB
Percpu:              600 kB
HardwareCorrupted:     0 kB
AnonHugePages:      4096 kB
ShmemHugePages:        0 kB
ShmemPmdMapped:        0 kB
HugePages_Total:       0
HugePages_Free:        0
HugePages_Rsvd:        0
HugePages_Surp:        0
Hugepagesize:       2048 kB
Hugetlb:               0 kB
DirectMap4k:      139120 kB
DirectMap2M:      909312 kB
DirectMap1G:           0 kB

/sys/kernel/mm/transparent_hugepage/enabled: [always] madvise never
/sys/kernel/mm/transparent_hugepage/defrag (defrag/compaction efforts parameter): always defer defer+madvise [madvise] never

Process Memory:
Virtual Size: 3175616K (peak: 3284604K)
Resident Set Size: 387676K (peak: 387892K) (anon: 387676K, file: 0K, shmem: 0K)
Swapped out: 76752K
C-Heap outstanding allocations: 41924K

/proc/sys/kernel/threads-max (system-wide limit on the number of threads): 7665
/proc/sys/vm/max_map_count (maximum number of memory map areas a process may have): 65530
/proc/sys/kernel/pid_max (system-wide limit on number of process identifiers): 32768

container (cgroup) information:
container_type: cgroupv1
cpu_cpuset_cpus: 0
cpu_memory_nodes: 0
active_processor_count: 1
cpu_quota: no quota
cpu_period: 100000
cpu_shares: no shares
memory_limit_in_bytes: unlimited
memory_and_swap_limit_in_bytes: not supported
memory_soft_limit_in_bytes: unlimited
memory_usage_in_bytes: 559960064
memory_max_usage_in_bytes: 837050368

KVM virtualization detected
Steal ticks since vm start: 10
Steal ticks percentage since vm start:  0.001

CPU: total 1 (initial active 1) (1 cores per cpu, 1 threads per core) family 23 model 1 stepping 2 microcode 0x1000065, cx8, cmov, fxsr, mmx, 3dnowpref, sse, sse2, sse3, ssse3, sse4a, sse4.1, sse4.2, popcnt, lzcnt, tsc, avx, avx2, aes, clmul, bmi1, bmi2, adx, sha, fma, vzeroupper, clflush, clflushopt, hv
CPU Model and flags from /proc/cpuinfo:
model name	: AMD EPYC 7601 32-Core Processor
flags		: fpu vme de pse tsc msr pae mce cx8 apic sep mtrr pge mca cmov pat pse36 clflush mmx fxsr sse sse2 syscall nx mmxext fxsr_opt pdpe1gb rdtscp lm rep_good nopl cpuid extd_apicid tsc_known_freq pni pclmulqdq ssse3 fma cx16 sse4_1 sse4_2 x2apic movbe popcnt tsc_deadline_timer aes xsave avx f16c rdrand hypervisor lahf_lm cmp_legacy cr8_legacy abm sse4a misalignsse 3dnowprefetch osvw perfctr_core ssbd ibpb vmmcall fsgsbase tsc_adjust bmi1 avx2 smep bmi2 rdseed adx smap clflushopt sha_ni xsaveopt xsavec xgetbv1 virt_ssbd arat arch_capabilities

Online cpus: 0
Offline cpus: 
BIOS frequency limitation: <Not Available>
Frequency switch latency (ns): <Not Available>
Available cpu frequencies: <Not Available>
Current governor: <Not Available>
Core performance/turbo boost: <Not Available>

Memory: 4k page, physical 1010888k(51856k free), swap 524284k(0k free)
Page Sizes: 4k

vm_info: OpenJDK 64-Bit Server VM (17.0.2+8) for linux-amd64 JRE (17.0.2+8), built on Jan 20 2022 09:56:58 by "" with gcc 7.5.0

END.
